0 info it worked if it ends with ok
1 verbose cli [ '/Users/peteralserda/.ndenv/versions/v4.0.0/bin/node',
1 verbose cli   '/Users/peteralserda/.ndenv/versions/v4.0.0/bin/npm',
1 verbose cli   'start' ]
2 info using npm@3.8.3
3 info using node@v4.0.0
4 verbose run-script [ 'prestart', 'start', 'poststart' ]
5 info lifecycle Logbook@1.0.0~prestart: Logbook@1.0.0
6 silly lifecycle Logbook@1.0.0~prestart: no script for prestart, continuing
7 info lifecycle Logbook@1.0.0~start: Logbook@1.0.0
8 verbose lifecycle Logbook@1.0.0~start: unsafe-perm in lifecycle true
9 verbose lifecycle Logbook@1.0.0~start: PATH: /Users/peteralserda/.ndenv/versions/v4.0.0/lib/node_modules/npm/bin/node-gyp-bin:/Users/peteralserda/projects/overig/React/logbook/node_modules/.bin:/Users/peteralserda/.ndenv/versions/v4.0.0/bin:/Users/peteralserda/.ndenv/versions/v4.0.0/bin:/Users/peteralserda/.ndenv/libexec:/Users/peteralserda/.ndenv/plugins/node-build/bin:/Users/peteralserda/.ndenv/shims:/Users/peteralserda/.ndenv/bin:/Users/peteralserda/.rbenv/shims:/Users/peteralserda/.rbenv/shims:/Users/peteralserda/.composer/vendor/bin:/bin:/sbin:/usr/bin:/usr/local/sbin:/usr/local/bin:/Users/peteralserda/.rbenv/shims:/Users/peteralserda/.rbenv/shims:/bin:/sbin:/usr/bin:/usr/local/sbin:/usr/local/bin:/usr/local/bin:/usr/bin:/bin:/usr/sbin:/sbin:/Applications/Postgres.app/Contents/Versions/9.4/bin:/Applications/Postgres.app/Contents/Versions/9.4/bin:/usr/local/mysql/bin
10 verbose lifecycle Logbook@1.0.0~start: CWD: /Users/peteralserda/projects/overig/React/logbook
11 silly lifecycle Logbook@1.0.0~start: Args: [ '-c', 'gulp' ]
12 silly lifecycle Logbook@1.0.0~start: Returned: code: 1  signal: null
13 info lifecycle Logbook@1.0.0~start: Failed to exec start script
14 verbose stack Error: Logbook@1.0.0 start: `gulp`
14 verbose stack Exit status 1
14 verbose stack     at EventEmitter.<anonymous> (/Users/peteralserda/.ndenv/versions/v4.0.0/lib/node_modules/npm/lib/utils/lifecycle.js:239:16)
14 verbose stack     at emitTwo (events.js:87:13)
14 verbose stack     at EventEmitter.emit (events.js:172:7)
14 verbose stack     at ChildProcess.<anonymous> (/Users/peteralserda/.ndenv/versions/v4.0.0/lib/node_modules/npm/lib/utils/spawn.js:24:14)
14 verbose stack     at emitTwo (events.js:87:13)
14 verbose stack     at ChildProcess.emit (events.js:172:7)
14 verbose stack     at maybeClose (internal/child_process.js:817:16)
14 verbose stack     at Process.ChildProcess._handle.onexit (internal/child_process.js:211:5)
15 verbose pkgid Logbook@1.0.0
16 verbose cwd /Users/peteralserda/projects/overig/React/logbook
17 error Darwin 15.4.0
18 error argv "/Users/peteralserda/.ndenv/versions/v4.0.0/bin/node" "/Users/peteralserda/.ndenv/versions/v4.0.0/bin/npm" "start"
19 error node v4.0.0
20 error npm  v3.8.3
21 error code ELIFECYCLE
22 error Logbook@1.0.0 start: `gulp`
22 error Exit status 1
23 error Failed at the Logbook@1.0.0 start script 'gulp'.
23 error Make sure you have the latest version of node.js and npm installed.
23 error If you do, this is most likely a problem with the Logbook package,
23 error not with npm itself.
23 error Tell the author that this fails on your system:
23 error     gulp
23 error You can get information on how to open an issue for this project with:
23 error     npm bugs Logbook
23 error Or if that isn't available, you can get their info via:
23 error     npm owner ls Logbook
23 error There is likely additional logging output above.
24 verbose exit [ 1, true ]
